[ 2013-09-28T17:07:53+08:00 ] 127.0.0.1 /admin.php/Public/login/jumpUri/L2FkbWluLnBocA.html
INFO: [ route_check ] --START--
INFO: Run CheckRoute Behavior [ RunTime:0.004458s ]
INFO: [ route_check ] --END-- [ RunTime:0.004570s ]
INFO: [ app_begin ] --START--
INFO: Run ReadHtmlCache Behavior [ RunTime:-0.001371s ]
INFO: [ app_begin ] --END-- [ RunTime:0.004422s ]
INFO: [ view_template ] --START--
INFO: Run LocationTemplate Behavior [ RunTime:-0.027212s ]
INFO: [ view_template ] --END-- [ RunTime:0.021727s ]
INFO: [ view_parse ] --START--
INFO: Run ParseTemplate Behavior [ RunTime:-0.049671s ]
INFO: [ view_parse ] --END-- [ RunTime:0.068934s ]
INFO: [ view_filter ] --START--
INFO: Run ContentReplace Behavior [ RunTime:-0.118706s ]
INFO: Run TokenBuild Behavior [ RunTime:-0.134105s ]
INFO: Run WriteHtmlCache Behavior [ RunTime:-0.141682s ]
INFO: Run ShowRuntime Behavior [ RunTime:-0.156517s ]
INFO: [ view_filter ] --END-- [ RunTime:0.047654s ]
INFO: [ view_end ] --START--
INFO: Run ShowPageTrace Behavior [ RunTime:-0.166560s ]
INFO: [ view_end ] --END-- [ RunTime:0.017113s ]

[ 2013-09-28T17:07:58+08:00 ] 127.0.0.1 /admin.php
INFO: [ app_begin ] --START--
INFO: Run ReadHtmlCache Behavior [ RunTime:0.004516s ]
INFO: [ app_begin ] --END-- [ RunTime:0.004639s ]
NOTIC: [2048] Declaration of AdvModel::_before_insert() should be compatible with that of Model::_before_insert() E:\phpnow\vhosts\xili\ThinkPHP\Extend\Model\AdvModel.class.php 第 18 行.
NOTIC: [2048] Declaration of AdvModel::_before_update() should be compatible with that of Model::_before_update() E:\phpnow\vhosts\xili\ThinkPHP\Extend\Model\AdvModel.class.php 第 18 行.
NOTIC: [2048] Declaration of AdvModel::_after_select() should be compatible with that of Model::_after_select() E:\phpnow\vhosts\xili\ThinkPHP\Extend\Model\AdvModel.class.php 第 18 行.
NOTIC: [2048] Declaration of AdvModel::_after_find() should be compatible with that of Model::_after_find() E:\phpnow\vhosts\xili\ThinkPHP\Extend\Model\AdvModel.class.php 第 18 行.
SQL: SHOW COLUMNS FROM `yge_module` [ RunTime:0.013417s ]
SQL: SELECT * FROM `yge_module` WHERE left_menu=1 and status=0 ORDER BY display_order DESC,id ASC  [ RunTime:0.012440s ]
NOTIC: [8] Undefined variable: security E:\phpnow\vhosts\xili\Admin\Lib\Action\IndexAction.class.php 第 45 行.
SQL: select version() [ RunTime:0.009534s ]
SQL: SHOW COLUMNS FROM `yge_admin` [ RunTime:0.003337s ]
SQL: SELECT * FROM `yge_admin` WHERE id=1 LIMIT 1   [ RunTime:0.000764s ]
SQL: SHOW COLUMNS FROM `yge_admin_log` [ RunTime:0.013228s ]
SQL: INSERT INTO `yge_admin_log` (`user_id`,`username`,`action`,`ip`,`create_time`) VALUES (1,'lizhongyi','/admin.php','127.0.0.1',1380359278) [ RunTime:0.058784s ]
INFO: [ view_template ] --START--
INFO: Run LocationTemplate Behavior [ RunTime:-0.198509s ]
INFO: [ view_template ] --END-- [ RunTime:0.016338s ]
INFO: [ view_parse ] --START--
NOTIC: [8] Use of undefined constant menunames - assumed 'menunames' E:\phpnow\vhosts\xili\Admin\Runtime\Cache\8036b6ce8dcda916f02254a7b19498b1.php 第 115 行.
NOTIC: [8] Undefined variable: _TPL E:\phpnow\vhosts\xili\Admin\Runtime\Cache\8036b6ce8dcda916f02254a7b19498b1.php 第 115 行.
NOTIC: [8] Undefined variable: value E:\phpnow\vhosts\xili\Admin\Runtime\Cache\8036b6ce8dcda916f02254a7b19498b1.php 第 115 行.
INFO: Run ParseTemplate Behavior [ RunTime:-0.215713s ]
INFO: [ view_parse ] --END-- [ RunTime:0.103432s ]
INFO: [ view_filter ] --START--
INFO: Run ContentReplace Behavior [ RunTime:-0.319183s ]
INFO: Run TokenBuild Behavior [ RunTime:-0.323582s ]
INFO: Run WriteHtmlCache Behavior [ RunTime:-0.328684s ]
INFO: Run ShowRuntime Behavior [ RunTime:-0.333256s ]
INFO: [ view_filter ] --END-- [ RunTime:0.018289s ]
INFO: [ view_end ] --START--
INFO: Run ShowPageTrace Behavior [ RunTime:-0.337573s ]
INFO: [ view_end ] --END-- [ RunTime:0.004204s ]

[ 2013-09-28T17:08:58+08:00 ] 127.0.0.1 /admin.php
INFO: [ app_begin ] --START--
INFO: Run ReadHtmlCache Behavior [ RunTime:0.004105s ]
INFO: [ app_begin ] --END-- [ RunTime:0.004220s ]
NOTIC: [2048] Declaration of AdvModel::_before_insert() should be compatible with that of Model::_before_insert() E:\phpnow\vhosts\xili\ThinkPHP\Extend\Model\AdvModel.class.php 第 18 行.
NOTIC: [2048] Declaration of AdvModel::_before_update() should be compatible with that of Model::_before_update() E:\phpnow\vhosts\xili\ThinkPHP\Extend\Model\AdvModel.class.php 第 18 行.
NOTIC: [2048] Declaration of AdvModel::_after_select() should be compatible with that of Model::_after_select() E:\phpnow\vhosts\xili\ThinkPHP\Extend\Model\AdvModel.class.php 第 18 行.
NOTIC: [2048] Declaration of AdvModel::_after_find() should be compatible with that of Model::_after_find() E:\phpnow\vhosts\xili\ThinkPHP\Extend\Model\AdvModel.class.php 第 18 行.
SQL: SHOW COLUMNS FROM `yge_module` [ RunTime:0.003060s ]
SQL: SELECT * FROM `yge_module` WHERE left_menu=1 and status=0 ORDER BY display_order DESC,id ASC  [ RunTime:0.000788s ]
NOTIC: [8] Undefined variable: security E:\phpnow\vhosts\xili\Admin\Lib\Action\IndexAction.class.php 第 45 行.
SQL: select version() [ RunTime:0.000355s ]
SQL: SHOW COLUMNS FROM `yge_admin` [ RunTime:0.003182s ]
SQL: SELECT * FROM `yge_admin` WHERE id=1 LIMIT 1   [ RunTime:0.000948s ]
SQL: SHOW COLUMNS FROM `yge_admin_log` [ RunTime:0.003267s ]
SQL: INSERT INTO `yge_admin_log` (`user_id`,`username`,`action`,`ip`,`create_time`) VALUES (1,'lizhongyi','/admin.php','127.0.0.1',1380359338) [ RunTime:0.000586s ]
INFO: [ view_template ] --START--
INFO: Run LocationTemplate Behavior [ RunTime:-0.093893s ]
INFO: [ view_template ] --END-- [ RunTime:0.007172s ]
INFO: [ view_parse ] --START--
NOTIC: [8] Use of undefined constant menunames - assumed 'menunames' E:\phpnow\vhosts\xili\Admin\Runtime\Cache\8036b6ce8dcda916f02254a7b19498b1.php 第 115 行.
NOTIC: [8] Undefined variable: _TPL E:\phpnow\vhosts\xili\Admin\Runtime\Cache\8036b6ce8dcda916f02254a7b19498b1.php 第 115 行.
NOTIC: [8] Undefined variable: value E:\phpnow\vhosts\xili\Admin\Runtime\Cache\8036b6ce8dcda916f02254a7b19498b1.php 第 115 行.
INFO: Run ParseTemplate Behavior [ RunTime:-0.101872s ]
INFO: [ view_parse ] --END-- [ RunTime:0.077124s ]
INFO: [ view_filter ] --START--
INFO: Run ContentReplace Behavior [ RunTime:-0.179027s ]
INFO: Run TokenBuild Behavior [ RunTime:-0.184315s ]
INFO: Run WriteHtmlCache Behavior [ RunTime:-0.188519s ]
INFO: Run ShowRuntime Behavior [ RunTime:-0.192223s ]
INFO: [ view_filter ] --END-- [ RunTime:0.017150s ]
INFO: [ view_end ] --START--
INFO: Run ShowPageTrace Behavior [ RunTime:-0.196268s ]
INFO: [ view_end ] --END-- [ RunTime:0.004261s ]

